2024-05-01 14:56:55,576 [INFO] mainLogger main - Process is started...
2024-05-01 14:56:55,578 [INFO] mainLogger main - Destination format and folder:
2024-05-01 14:56:55,578 [INFO] mainLogger main - 1.LIVE 2.PREVIA 3.CHAMPIONS 4.SHOW
2024-05-01 14:57:05,422 [INFO] mainLogger main - You choose: LIVE
2024-05-01 14:57:05,425 [INFO] mainLogger Thread-0 - Opening folder N:\
2024-05-01 14:57:05,425 [INFO] mainLogger Thread-1 - Opening folder M:\
2024-05-01 14:57:05,425 [INFO] mainLogger Thread-2 - Opening folder O:\
2024-05-01 14:57:05,426 [INFO] mainLogger Thread-3 - Opening folder P:\
2024-05-01 14:57:05,426 [INFO] mainLogger Thread-4 - Opening folder G:\
2024-05-01 14:57:05,426 [INFO] mainLogger Thread-5 - Opening folder J:\
2024-05-01 14:57:05,426 [INFO] mainLogger Thread-6 - Opening folder Q:\
2024-05-01 14:57:15,381 [INFO] mainLogger Thread-1 - D:\VAMOS\BACKUP\LIVE\2024-05-01\C3: folder was added
2024-05-01 14:57:15,381 [INFO] mainLogger Thread-5 - D:\VAMOS\BACKUP\LIVE\2024-05-01\C6: folder was added
2024-05-01 14:57:15,390 [INFO] mainLogger Thread-3 - D:\VAMOS\BACKUP\LIVE\2024-05-01\C4: folder was added
2024-05-01 14:57:15,390 [INFO] mainLogger Thread-4 - D:\VAMOS\BACKUP\LIVE\2024-05-01\C6: folder was added
2024-05-01 14:57:15,390 [INFO] mainLogger Thread-2 - D:\VAMOS\BACKUP\LIVE\2024-05-01\C2: folder was added
2024-05-01 14:57:15,390 [INFO] mainLogger Thread-0 - D:\VAMOS\BACKUP\LIVE\2024-05-01\C1: folder was added
2024-05-01 14:57:15,390 [INFO] mainLogger Thread-6 - D:\VAMOS\BACKUP\LIVE\2024-05-01\C6: folder was added
2024-05-01 14:57:16,849 [INFO] mainLogger Thread-1 - Converting started.
2024-05-01 14:57:16,850 [INFO] mainLogger Thread-0 - Converting started.
2024-05-01 14:57:16,852 [INFO] mainLogger Thread-6 - Converting started.
2024-05-01 14:57:16,853 [INFO] mainLogger Thread-2 - Converting started.
2024-05-01 14:57:16,855 [INFO] mainLogger Thread-4 - Converting started.
2024-05-01 14:57:16,857 [INFO] mainLogger Thread-3 - Converting started.
2024-05-01 14:57:16,859 [INFO] mainLogger Thread-5 - Converting started.
2024-05-01 15:02:27,233 [INFO] mainLogger Thread-5 - Checking for errors...
2024-05-01 15:03:03,415 [INFO] mainLogger Thread-6 - Checking for errors...
2024-05-01 15:03:05,351 [INFO] mainLogger Thread-1 - Checking for errors...
2024-05-01 15:03:07,648 [INFO] mainLogger Thread-2 - Checking for errors...
2024-05-01 15:03:09,349 [INFO] mainLogger Thread-3 - Checking for errors...
2024-05-01 15:03:11,642 [INFO] mainLogger Thread-0 - Checking for errors...
2024-05-01 15:03:14,007 [INFO] mainLogger Thread-4 - Checking for errors...
2024-05-01 15:03:14,100 [INFO] mainLogger main - Process ended! it took: 6.30 min
2024-05-01 15:03:14,130 [INFO] mainLogger main - Folder copied!
2024-05-01 15:07:10,391 [INFO] mainLogger main - Process is started...
2024-05-01 15:07:10,392 [INFO] mainLogger main - Destination format and folder:
2024-05-01 15:07:10,392 [INFO] mainLogger main - 1.LIVE 2.PREVIA 3.CHAMPIONS 4.SHOW
2024-05-01 15:07:13,248 [INFO] mainLogger main - You choose: LIVE
2024-05-01 15:07:13,253 [INFO] mainLogger Thread-0 - Opening folder N:\
2024-05-01 15:07:13,253 [INFO] mainLogger Thread-2 - Opening folder O:\
2024-05-01 15:07:13,253 [INFO] mainLogger Thread-1 - Opening folder M:\
2024-05-01 15:07:13,254 [INFO] mainLogger Thread-2 - D:\VAMOS\BACKUP\LIVE\2024-05-01\C2: folder was added
2024-05-01 15:07:13,254 [INFO] mainLogger Thread-0 - D:\VAMOS\BACKUP\LIVE\2024-05-01\C1: folder was added
2024-05-01 15:07:13,254 [INFO] mainLogger Thread-1 - D:\VAMOS\BACKUP\LIVE\2024-05-01\C3: folder was added
2024-05-01 15:07:13,259 [INFO] mainLogger Thread-2 - Converting started.
2024-05-01 15:07:13,260 [INFO] mainLogger Thread-0 - Converting started.
2024-05-01 15:07:13,262 [INFO] mainLogger Thread-1 - Converting started.
2024-05-01 15:07:57,179 [INFO] mainLogger main - Process is started...
2024-05-01 15:07:57,182 [INFO] mainLogger main - Destination format and folder:
2024-05-01 15:07:57,183 [INFO] mainLogger main - 1.LIVE 2.PREVIA 3.CHAMPIONS 4.SHOW
2024-05-01 15:07:58,846 [INFO] mainLogger main - You choose: LIVE
2024-05-01 15:07:58,850 [INFO] mainLogger Thread-0 - Opening folder N:\
2024-05-01 15:07:58,852 [INFO] mainLogger Thread-0 - D:\VAMOS\BACKUP\LIVE\2024-05-01\C1: folder was added
2024-05-01 15:07:58,859 [INFO] mainLogger Thread-0 - Converting started.
2024-05-01 15:09:05,545 [INFO] mainLogger Thread-0 - Checking for errors...
2024-05-01 15:09:05,815 [INFO] mainLogger main - Process ended! it took: 1.13 min
2024-05-01 15:09:06,660 [INFO] mainLogger main - Folder copied!
2024-05-01 15:09:52,069 [INFO] mainLogger main - Process is started...
2024-05-01 15:09:52,070 [INFO] mainLogger main - Destination format and folder:
2024-05-01 15:09:52,071 [INFO] mainLogger main - 1.LIVE 2.PREVIA 3.CHAMPIONS 4.SHOW
2024-05-01 15:09:55,106 [INFO] mainLogger main - You choose: LIVE
2024-05-01 15:09:55,112 [INFO] mainLogger Thread-0 - Opening folder N:\
2024-05-01 15:09:55,112 [INFO] mainLogger Thread-1 - Opening folder M:\
2024-05-01 15:09:55,112 [INFO] mainLogger Thread-2 - Opening folder O:\
2024-05-01 15:09:55,112 [INFO] mainLogger Thread-3 - Opening folder P:\
2024-05-01 15:09:55,113 [INFO] mainLogger Thread-4 - Opening folder G:\
2024-05-01 15:09:55,113 [INFO] mainLogger Thread-5 - Opening folder J:\
2024-05-01 15:09:55,114 [INFO] mainLogger Thread-5 - D:\VAMOS\BACKUP\LIVE\2024-05-01\C6: folder was added
2024-05-01 15:09:55,115 [INFO] mainLogger Thread-3 - D:\VAMOS\BACKUP\LIVE\2024-05-01\C4: folder was added
2024-05-01 15:09:55,115 [INFO] mainLogger Thread-2 - D:\VAMOS\BACKUP\LIVE\2024-05-01\C2: folder was added
2024-05-01 15:09:55,115 [INFO] mainLogger Thread-4 - D:\VAMOS\BACKUP\LIVE\2024-05-01\C6: folder was added
2024-05-01 15:09:55,115 [INFO] mainLogger Thread-0 - D:\VAMOS\BACKUP\LIVE\2024-05-01\C1: folder was added
2024-05-01 15:09:55,115 [INFO] mainLogger Thread-1 - D:\VAMOS\BACKUP\LIVE\2024-05-01\C3: folder was added
2024-05-01 15:09:55,119 [INFO] mainLogger Thread-1 - Converting started.
2024-05-01 15:09:55,119 [INFO] mainLogger Thread-4 - Converting started.
2024-05-01 15:09:55,121 [INFO] mainLogger Thread-3 - Converting started.
2024-05-01 15:09:55,123 [INFO] mainLogger Thread-2 - Converting started.
2024-05-01 15:09:55,125 [INFO] mainLogger Thread-0 - Converting started.
2024-05-01 15:09:55,126 [INFO] mainLogger Thread-5 - Converting started.
2024-05-01 15:10:40,442 [INFO] mainLogger Thread-5 - Checking for errors...
2024-05-01 15:10:42,482 [INFO] mainLogger Thread-0 - Checking for errors...
2024-05-01 15:10:44,420 [INFO] mainLogger Thread-2 - Checking for errors...
2024-05-01 15:10:46,130 [INFO] mainLogger Thread-3 - Checking for errors...
2024-05-01 15:10:47,919 [INFO] mainLogger Thread-4 - Checking for errors...
2024-05-01 15:10:49,643 [INFO] mainLogger Thread-1 - Checking for errors...
2024-05-01 15:10:49,738 [INFO] mainLogger main - Process ended! it took: 0.95 min
2024-05-01 15:10:49,765 [INFO] mainLogger main - Folder copied!
2024-05-01 15:11:01,423 [INFO] mainLogger main - Process is started...
2024-05-01 15:11:01,424 [INFO] mainLogger main - Destination format and folder:
2024-05-01 15:11:01,424 [INFO] mainLogger main - 1.LIVE 2.PREVIA 3.CHAMPIONS 4.SHOW
2024-05-01 15:11:03,044 [INFO] mainLogger main - You choose: LIVE
2024-05-01 15:11:03,048 [INFO] mainLogger Thread-1 - Opening folder M:\
2024-05-01 15:11:03,047 [INFO] mainLogger Thread-0 - Opening folder N:\
2024-05-01 15:11:03,048 [INFO] mainLogger Thread-2 - Opening folder O:\
2024-05-01 15:11:03,048 [INFO] mainLogger Thread-3 - Opening folder P:\
2024-05-01 15:11:03,048 [INFO] mainLogger Thread-4 - Opening folder G:\
2024-05-01 15:11:03,049 [INFO] mainLogger Thread-0 - D:\VAMOS\BACKUP\LIVE\2024-05-01\C1: folder was added
2024-05-01 15:11:03,049 [INFO] mainLogger Thread-3 - D:\VAMOS\BACKUP\LIVE\2024-05-01\C4: folder was added
2024-05-01 15:11:03,049 [INFO] mainLogger Thread-2 - D:\VAMOS\BACKUP\LIVE\2024-05-01\C2: folder was added
2024-05-01 15:11:03,049 [INFO] mainLogger Thread-1 - D:\VAMOS\BACKUP\LIVE\2024-05-01\C3: folder was added
2024-05-01 15:11:03,050 [INFO] mainLogger Thread-4 - D:\VAMOS\BACKUP\LIVE\2024-05-01\C6: folder was added
2024-05-01 15:11:03,054 [INFO] mainLogger Thread-3 - Converting started.
2024-05-01 15:11:03,054 [INFO] mainLogger Thread-1 - Converting started.
2024-05-01 15:11:03,056 [INFO] mainLogger Thread-2 - Converting started.
2024-05-01 15:11:03,058 [INFO] mainLogger Thread-0 - Converting started.
2024-05-01 15:11:03,060 [INFO] mainLogger Thread-4 - Converting started.
2024-05-01 15:12:35,045 [INFO] mainLogger main - Process is started...
2024-05-01 15:12:35,047 [INFO] mainLogger main - Destination format and folder:
2024-05-01 15:12:35,047 [INFO] mainLogger main - 1.LIVE 2.PREVIA 3.CHAMPIONS 4.SHOW
2024-05-01 15:12:36,966 [INFO] mainLogger main - You choose: LIVE
2024-05-01 15:12:36,970 [INFO] mainLogger Thread-0 - Opening folder N:\
2024-05-01 15:12:36,971 [INFO] mainLogger Thread-2 - Opening folder O:\
2024-05-01 15:12:36,971 [INFO] mainLogger Thread-1 - Opening folder M:\
2024-05-01 15:12:36,971 [INFO] mainLogger Thread-3 - Opening folder P:\
2024-05-01 15:12:36,971 [INFO] mainLogger Thread-4 - Opening folder G:\
2024-05-01 15:12:36,971 [INFO] mainLogger Thread-5 - Opening folder J:\
2024-05-01 15:12:36,971 [INFO] mainLogger Thread-6 - Opening folder Q:\
2024-05-01 15:12:36,972 [INFO] mainLogger Thread-5 - D:\VAMOS\BACKUP\LIVE\2024-05-01\C6: folder was added
2024-05-01 15:12:36,972 [INFO] mainLogger Thread-2 - D:\VAMOS\BACKUP\LIVE\2024-05-01\C2: folder was added
2024-05-01 15:12:36,972 [INFO] mainLogger Thread-1 - D:\VAMOS\BACKUP\LIVE\2024-05-01\C3: folder was added
2024-05-01 15:12:36,973 [INFO] mainLogger Thread-0 - D:\VAMOS\BACKUP\LIVE\2024-05-01\C1: folder was added
2024-05-01 15:12:36,973 [INFO] mainLogger Thread-6 - D:\VAMOS\BACKUP\LIVE\2024-05-01\C6: folder was added
2024-05-01 15:12:36,973 [INFO] mainLogger Thread-4 - D:\VAMOS\BACKUP\LIVE\2024-05-01\C6: folder was added
2024-05-01 15:12:36,973 [INFO] mainLogger Thread-3 - D:\VAMOS\BACKUP\LIVE\2024-05-01\C4: folder was added
2024-05-01 15:12:36,977 [INFO] mainLogger Thread-0 - Converting started.
2024-05-01 15:12:36,977 [INFO] mainLogger Thread-0 - Checking for errors...
2024-05-01 15:12:36,978 [INFO] mainLogger Thread-3 - Converting started.
2024-05-01 15:12:36,978 [INFO] mainLogger Thread-3 - Checking for errors...
2024-05-01 15:12:36,980 [INFO] mainLogger Thread-4 - Converting started.
2024-05-01 15:12:36,980 [INFO] mainLogger Thread-4 - Checking for errors...
2024-05-01 15:12:36,983 [INFO] mainLogger Thread-1 - Converting started.
2024-05-01 15:12:36,983 [INFO] mainLogger Thread-1 - Checking for errors...
2024-05-01 15:12:36,985 [INFO] mainLogger Thread-5 - Converting started.
2024-05-01 15:12:36,986 [INFO] mainLogger Thread-5 - Checking for errors...
2024-05-01 15:12:36,988 [INFO] mainLogger Thread-6 - Converting started.
2024-05-01 15:12:36,988 [INFO] mainLogger Thread-6 - Checking for errors...
2024-05-01 15:12:36,990 [INFO] mainLogger Thread-2 - Converting started.
2024-05-01 15:12:36,990 [INFO] mainLogger Thread-2 - Checking for errors...
2024-05-01 15:12:37,157 [INFO] mainLogger main - Process ended! it took: 0.03 min
